<?xml version="1.0" encoding="UTF-8"?>
<!-- Generated by org.testng.reporters.JUnitReportReporter -->
<testsuite hostname="Srinivasulu" failures="0" tests="3" name="com.samurai.qa.testcases.LoginPageTest" time="13.548" errors="0" timestamp="2023-09-03T20:25:05 IST" skipped="0">
  <testcase classname="com.samurai.qa.testcases.LoginPageTest" name="validateLoginPageTitle" time="4.567"/>
  <system-out/>
  <testcase classname="com.samurai.qa.testcases.LoginPageTest" name="validateLoginPageLogo" time="3.814"/>
  <system-out/>
  <testcase classname="com.samurai.qa.testcases.LoginPageTest" name="loginToApp" time="5.167"/>
  <system-out/>
</testsuite> <!-- com.samurai.qa.testcases.LoginPageTest -->
