<?xml version="1.0" encoding="UTF-8"?>
<!-- Generated by org.testng.reporters.JUnitReportReporter -->
<testsuite hostname="Srinivasulu" failures="0" tests="2" name="com.samurai.qa.testcases.HomePageTest" time="11.602" errors="0" timestamp="2023-09-03T20:25:05 IST" skipped="0">
  <testcase classname="com.samurai.qa.testcases.HomePageTest" name="validateHomePageLogo" time="5.290"/>
  <system-out/>
  <testcase classname="com.samurai.qa.testcases.HomePageTest" name="clickDeleteCustomerBtn" time="6.312"/>
  <system-out/>
</testsuite> <!-- com.samurai.qa.testcases.HomePageTest -->
